2025-09-24 16:54:43 DEBUG PackageRelationshipCollection:307 - Parsing relationship: /xl/_rels/workbook.xml.rels
2025-09-24 16:54:43 DEBUG PackageRelationshipCollection:307 - Parsing relationship: /_rels/.rels
2025-09-24 16:54:50 INFO  BaseTest:28 - ------- TESTCASE 1 : REGISTER USER ----------
2025-09-24 16:54:51 INFO  BaseTest:35 - Home Page is displayed successfully
2025-09-24 16:54:52 INFO  BaseTest:39 - Navigated to Signup/Login page
2025-09-24 16:54:52 INFO  BaseTest:44 - Signup section is visible
2025-09-24 16:54:55 INFO  BaseTest:50 - Performed signup with username: users001 and email: users001@gmail.com
2025-09-24 16:59:12 DEBUG PackageRelationshipCollection:307 - Parsing relationship: /xl/_rels/workbook.xml.rels
2025-09-24 16:59:12 DEBUG PackageRelationshipCollection:307 - Parsing relationship: /xl/worksheets/_rels/sheet1.xml.rels
2025-09-24 16:59:12 DEBUG PackageRelationshipCollection:307 - Parsing relationship: /_rels/.rels
2025-09-24 16:59:19 INFO  BaseTest:28 - ------- TESTCASE 1 : REGISTER USER ----------
2025-09-24 16:59:19 INFO  BaseTest:35 - Home Page is displayed successfully
2025-09-24 16:59:19 INFO  BaseTest:39 - Navigated to Signup/Login page
2025-09-24 16:59:19 INFO  BaseTest:44 - Signup section is visible
2025-09-24 16:59:21 INFO  BaseTest:50 - Performed signup with username: users0001 and email: users0001@gmail.com
2025-09-24 16:59:21 INFO  BaseTest:55 - Account Information section is visible
2025-09-24 16:59:24 INFO  BaseTest:75 - Filled all account details and submitted the form
2025-09-24 16:59:24 INFO  BaseTest:80 - Account has been created successfully
2025-09-24 16:59:26 INFO  BaseTest:86 - User logged in successfully:Logged in as users0001
2025-09-24 16:59:27 INFO  BaseTest:90 - Clicked on Delete Account button
2025-09-24 16:59:27 INFO  BaseTest:95 - Account has been deleted successfully
2025-09-24 16:59:31 INFO  BaseTest:28 - ------- TESTCASE 1 : REGISTER USER ----------
2025-09-24 16:59:31 INFO  BaseTest:35 - Home Page is displayed successfully
2025-09-24 16:59:32 INFO  BaseTest:39 - Navigated to Signup/Login page
2025-09-24 16:59:32 INFO  BaseTest:44 - Signup section is visible
2025-09-24 16:59:32 INFO  BaseTest:50 - Performed signup with username: users0002 and email: sneha.yadav@yahoo.com
2025-09-24 16:59:33 INFO  BaseTest:55 - Account Information section is visible
2025-09-24 17:07:11 DEBUG PackageRelationshipCollection:307 - Parsing relationship: /xl/_rels/workbook.xml.rels
2025-09-24 17:07:11 DEBUG PackageRelationshipCollection:307 - Parsing relationship: /xl/worksheets/_rels/sheet1.xml.rels
2025-09-24 17:07:11 DEBUG PackageRelationshipCollection:307 - Parsing relationship: /_rels/.rels
2025-09-24 17:07:18 INFO  BaseTest:28 - ------- TESTCASE 1 : REGISTER USER ----------
2025-09-24 17:07:18 INFO  BaseTest:35 - Home Page is displayed successfully
2025-09-24 17:07:18 INFO  BaseTest:39 - Navigated to Signup/Login page
2025-09-24 17:07:18 INFO  BaseTest:44 - Signup section is visible
2025-09-24 17:07:19 INFO  BaseTest:50 - Performed signup with username: users0001 and email: users0001@gmail.com
2025-09-24 17:07:19 INFO  BaseTest:55 - Account Information section is visible
2025-09-24 17:07:22 INFO  BaseTest:75 - Filled all account details and submitted the form
2025-09-24 17:07:22 INFO  BaseTest:80 - Account has been created successfully
2025-09-24 17:07:24 INFO  BaseTest:86 - User logged in successfully:Logged in as users0001
2025-09-24 17:07:25 INFO  BaseTest:90 - Clicked on Delete Account button
2025-09-24 17:07:25 INFO  BaseTest:95 - Account has been deleted successfully
2025-09-24 17:07:31 INFO  BaseTest:28 - ------- TESTCASE 1 : REGISTER USER ----------
2025-09-24 17:07:31 INFO  BaseTest:35 - Home Page is displayed successfully
2025-09-24 17:07:33 INFO  BaseTest:39 - Navigated to Signup/Login page
2025-09-24 17:07:33 INFO  BaseTest:44 - Signup section is visible
2025-09-24 17:07:34 INFO  BaseTest:50 - Performed signup with username: users0002 and email: sneha.yadav@yahoo.com
2025-09-24 17:07:34 INFO  BaseTest:55 - Account Information section is visible
2025-09-24 17:30:01 DEBUG PackageRelationshipCollection:307 - Parsing relationship: /xl/_rels/workbook.xml.rels
2025-09-24 17:30:01 DEBUG PackageRelationshipCollection:307 - Parsing relationship: /xl/worksheets/_rels/sheet1.xml.rels
2025-09-24 17:30:01 DEBUG PackageRelationshipCollection:307 - Parsing relationship: /_rels/.rels
2025-09-24 17:30:08 INFO  BaseTest:28 - ------- TESTCASE 1 : REGISTER USER ----------
2025-09-24 17:30:08 INFO  BaseTest:35 - Home Page is displayed successfully
2025-09-24 17:30:09 INFO  BaseTest:39 - Navigated to Signup/Login page
2025-09-24 17:30:09 INFO  BaseTest:44 - Signup section is visible
2025-09-24 17:30:10 INFO  BaseTest:50 - Performed signup with username: users0001 and email: users0001@gmail.com
2025-09-24 17:30:10 INFO  BaseTest:55 - Account Information section is visible
2025-09-24 17:30:13 INFO  BaseTest:75 - Filled all account details and submitted the form
2025-09-24 17:30:13 INFO  BaseTest:80 - Account has been created successfully
2025-09-24 17:30:15 INFO  BaseTest:86 - User logged in successfully:Logged in as users0001
2025-09-24 17:30:16 INFO  BaseTest:90 - Clicked on Delete Account button
2025-09-24 17:30:16 INFO  BaseTest:95 - Account has been deleted successfully
2025-09-24 17:30:26 INFO  BaseTest:28 - ------- TESTCASE 1 : REGISTER USER ----------
2025-09-24 17:30:26 INFO  BaseTest:35 - Home Page is displayed successfully
2025-09-24 17:30:27 INFO  BaseTest:39 - Navigated to Signup/Login page
2025-09-24 17:30:27 INFO  BaseTest:44 - Signup section is visible
2025-09-24 17:30:28 INFO  BaseTest:50 - Performed signup with username: users0002 and email: sneha.yadav@yahoo.com
2025-09-24 17:30:28 INFO  BaseTest:55 - Account Information section is visible
2025-09-24 17:31:04 INFO  BaseTest:28 - ------- TESTCASE 1 : REGISTER USER ----------
2025-09-24 17:31:04 INFO  BaseTest:35 - Home Page is displayed successfully
2025-09-24 17:31:05 INFO  BaseTest:39 - Navigated to Signup/Login page
2025-09-24 17:31:05 INFO  BaseTest:44 - Signup section is visible
2025-09-24 17:31:06 INFO  BaseTest:50 - Performed signup with username: users0003 and email: rekha.pillai@yahoo.com
2025-09-24 17:31:07 INFO  BaseTest:55 - Account Information section is visible
2025-09-24 17:31:10 INFO  BaseTest:75 - Filled all account details and submitted the form
2025-09-24 17:31:10 INFO  BaseTest:80 - Account has been created successfully
2025-09-24 17:31:12 INFO  BaseTest:86 - User logged in successfully:Logged in as users0003
2025-09-24 17:31:12 INFO  BaseTest:90 - Clicked on Delete Account button
2025-09-24 17:31:12 INFO  BaseTest:95 - Account has been deleted successfully
2025-09-24 17:31:21 INFO  BaseTest:28 - ------- TESTCASE 1 : REGISTER USER ----------
2025-09-24 17:31:21 INFO  BaseTest:35 - Home Page is displayed successfully
2025-09-24 17:31:22 INFO  BaseTest:39 - Navigated to Signup/Login page
2025-09-24 17:31:22 INFO  BaseTest:44 - Signup section is visible
2025-09-24 17:31:23 INFO  BaseTest:50 - Performed signup with username: users0004 and email: kavita4@outlook.com
2025-09-24 17:31:23 INFO  BaseTest:55 - Account Information section is visible
2025-09-24 17:31:49 INFO  BaseTest:28 - ------- TESTCASE 1 : REGISTER USER ----------
2025-09-24 17:31:49 INFO  BaseTest:35 - Home Page is displayed successfully
2025-09-24 17:31:50 INFO  BaseTest:39 - Navigated to Signup/Login page
2025-09-24 17:31:50 INFO  BaseTest:44 - Signup section is visible
2025-09-24 17:31:51 INFO  BaseTest:50 - Performed signup with username: users0005 and email: users005@gmail.com
2025-09-24 17:31:51 INFO  BaseTest:55 - Account Information section is visible
2025-09-24 17:31:54 INFO  BaseTest:75 - Filled all account details and submitted the form
2025-09-24 17:31:54 INFO  BaseTest:80 - Account has been created successfully
2025-09-24 17:31:56 INFO  BaseTest:86 - User logged in successfully:Logged in as users0005
2025-09-24 17:31:57 INFO  BaseTest:90 - Clicked on Delete Account button
2025-09-24 17:31:57 INFO  BaseTest:95 - Account has been deleted successfully
2025-09-24 17:32:02 INFO  BaseTest:28 - ------- TESTCASE 1 : REGISTER USER ----------
2025-09-24 17:32:02 INFO  BaseTest:35 - Home Page is displayed successfully
2025-09-24 17:32:03 INFO  BaseTest:39 - Navigated to Signup/Login page
2025-09-24 17:32:03 INFO  BaseTest:44 - Signup section is visible
2025-09-24 17:32:04 INFO  BaseTest:50 - Performed signup with username: users0006 and email: arjun6@outlook.com
2025-09-24 17:32:04 INFO  BaseTest:55 - Account Information section is visible
2025-09-24 17:32:07 INFO  BaseTest:75 - Filled all account details and submitted the form
2025-09-24 17:32:07 INFO  BaseTest:80 - Account has been created successfully
2025-09-24 17:32:08 INFO  BaseTest:86 - User logged in successfully:Logged in as users0006
2025-09-24 17:32:09 INFO  BaseTest:90 - Clicked on Delete Account button
2025-09-24 17:32:09 INFO  BaseTest:95 - Account has been deleted successfully
2025-09-24 17:32:39 INFO  BaseTest:28 - ------- TESTCASE 1 : REGISTER USER ----------
2025-09-24 17:32:39 INFO  BaseTest:35 - Home Page is displayed successfully
2025-09-24 17:32:40 INFO  BaseTest:39 - Navigated to Signup/Login page
2025-09-24 17:32:40 INFO  BaseTest:44 - Signup section is visible
2025-09-24 17:32:41 INFO  BaseTest:50 - Performed signup with username: users0007 and email: users007@testmail.com
2025-09-24 17:32:41 INFO  BaseTest:55 - Account Information section is visible
2025-09-24 17:32:44 INFO  BaseTest:75 - Filled all account details and submitted the form
2025-09-24 17:32:44 INFO  BaseTest:80 - Account has been created successfully
2025-09-24 17:32:46 INFO  BaseTest:86 - User logged in successfully:Logged in as users0007
2025-09-24 17:32:47 INFO  BaseTest:90 - Clicked on Delete Account button
2025-09-24 17:32:47 INFO  BaseTest:95 - Account has been deleted successfully
2025-09-24 17:32:53 INFO  BaseTest:28 - ------- TESTCASE 1 : REGISTER USER ----------
2025-09-24 17:32:53 INFO  BaseTest:35 - Home Page is displayed successfully
2025-09-24 17:32:55 INFO  BaseTest:39 - Navigated to Signup/Login page
2025-09-24 17:32:55 INFO  BaseTest:44 - Signup section is visible
2025-09-24 17:32:55 INFO  BaseTest:50 - Performed signup with username: users0008 and email: users008@gmail.com
2025-09-24 17:32:56 INFO  BaseTest:55 - Account Information section is visible
2025-09-24 17:33:20 INFO  BaseTest:28 - ------- TESTCASE 1 : REGISTER USER ----------
2025-09-24 17:33:20 INFO  BaseTest:35 - Home Page is displayed successfully
2025-09-24 17:33:21 INFO  BaseTest:39 - Navigated to Signup/Login page
2025-09-24 17:33:21 INFO  BaseTest:44 - Signup section is visible
2025-09-24 17:33:23 INFO  BaseTest:50 - Performed signup with username: users0009 and email: users009@testmail.com
2025-09-24 17:33:23 INFO  BaseTest:55 - Account Information section is visible
2025-09-24 17:33:43 INFO  BaseTest:75 - Filled all account details and submitted the form
2025-09-24 17:33:43 INFO  BaseTest:80 - Account has been created successfully
2025-09-24 17:33:47 INFO  BaseTest:86 - User logged in successfully:Logged in as users0009
2025-09-24 17:33:49 INFO  BaseTest:90 - Clicked on Delete Account button
2025-09-24 17:33:49 INFO  BaseTest:95 - Account has been deleted successfully
2025-09-24 17:33:59 INFO  BaseTest:28 - ------- TESTCASE 1 : REGISTER USER ----------
2025-09-24 17:33:59 INFO  BaseTest:35 - Home Page is displayed successfully
2025-09-24 17:34:00 INFO  BaseTest:39 - Navigated to Signup/Login page
2025-09-24 17:34:00 INFO  BaseTest:44 - Signup section is visible
2025-09-24 17:34:02 INFO  BaseTest:50 - Performed signup with username: users0010 and email: users010@testmail.com
2025-09-24 17:34:02 INFO  BaseTest:55 - Account Information section is visible
2025-09-24 17:34:08 INFO  BaseTest:75 - Filled all account details and submitted the form
2025-09-24 17:34:08 INFO  BaseTest:80 - Account has been created successfully
2025-09-24 17:34:11 INFO  BaseTest:86 - User logged in successfully:Logged in as users0010
2025-09-24 17:34:12 INFO  BaseTest:90 - Clicked on Delete Account button
2025-09-24 17:34:12 INFO  BaseTest:95 - Account has been deleted successfully
2025-09-24 17:34:19 INFO  BaseTest:28 - ------- TESTCASE 1 : REGISTER USER ----------
2025-09-24 17:34:20 INFO  BaseTest:35 - Home Page is displayed successfully
2025-09-24 17:34:21 INFO  BaseTest:39 - Navigated to Signup/Login page
2025-09-24 17:34:22 INFO  BaseTest:44 - Signup section is visible
2025-09-24 17:34:24 INFO  BaseTest:50 - Performed signup with username: users0011 and email: ajay11@outlook.com
2025-09-24 17:34:24 INFO  BaseTest:55 - Account Information section is visible
2025-09-24 17:34:31 INFO  BaseTest:75 - Filled all account details and submitted the form
2025-09-24 17:34:31 INFO  BaseTest:80 - Account has been created successfully
2025-09-24 17:34:34 INFO  BaseTest:86 - User logged in successfully:Logged in as users0011
2025-09-24 17:34:36 INFO  BaseTest:90 - Clicked on Delete Account button
2025-09-24 17:34:36 INFO  BaseTest:95 - Account has been deleted successfully
2025-09-24 17:34:47 INFO  BaseTest:28 - ------- TESTCASE 1 : REGISTER USER ----------
2025-09-24 17:34:47 INFO  BaseTest:35 - Home Page is displayed successfully
